Created sequence file 1 for >OS02G04490 .  Length:35000
spike:CTAGAACCCCCGGGA
Created sequence file 2 for >SB10G029285 .  Length:30195
spike:CTAGAACCCCCGGGA
running (1/1) /usr/bin/bl2seq -p blastn -o /opt/apache/CoGe/tmp/GEvo/GEvo_SH3ryfPw_1-2.bl2seq -i /opt/apache/CoGe/tmp/GEvo/GEvo_SH3ryfPw_1.faa -j /opt/apache/CoGe/tmp/GEvo/GEvo_SH3ryfPw_2.faa  -W 7 -G 5 -E 2 -q -2 -r 1 -e 30 -F F 
generating image (1/2)for OS02G04490
Found spike sequence for OS02G04490 and SB10G029285: eval cutoff set to 1.4
Found spike sequence for OS02G04490 and SB10G029285: eval cutoff set to 1.4
Found spike sequence for OS02G04490 and SB10G029285: eval cutoff set to 1.4
Found spike sequence for OS02G04490 and SB10G029285: eval cutoff set to 1.4
generating image (2/2)for SB10G029285
Found spike sequence for OS02G04490 and SB10G029285: eval cutoff set to 1.4
Found spike sequence for OS02G04490 and SB10G029285: eval cutoff set to 1.4
Found spike sequence for OS02G04490 and SB10G029285: eval cutoff set to 1.4
Found spike sequence for OS02G04490 and SB10G029285: eval cutoff set to 1.4

GEvo Benchmark: 2008-02-12 09:26:07
Time to get sequence                              :  2 wallclock secs ( 0.52 usr  0.03 sys +  0.00 cusr  0.02 csys =  0.57 CPU)
Time to run blastn                     :  0 wallclock secs ( 0.04 usr  0.01 sys +  0.09 cusr  0.05 csys =  0.19 CPU)
Time to generate images, maps, and sqlite database:  2 wallclock secs ( 1.30 usr  0.08 sys +  0.00 cusr  0.01 csys =  1.39 CPU)
Time to find and update sqlite database for HSPs  :  0 wallclock secs ( 0.04 usr +  0.02 sys =  0.06 CPU)
Time to process html                              :  1 wallclock secs ( 0.02 usr +  0.00 sys =  0.02 CPU)

Finished!

GEvo link: http://toxic.berkeley.edu/CoGe/GEvo.pl?prog=blastn;accn1=OS02G04490;fid1=13839323;dsid1=34465;chr1=2;dr1up=12000;dr1down=12000;gbstart1=1;accn2=SB10G029285;fid2=13971090;dsid2=34467;chr2=10;dr2up=12000;dr2down=12000;gbstart2=1;rev2=1;num_seqs=2

Tiny url: http://tinyurl.com/33fomo
