Created sequence file 1 for >OS03G06930 .  Length:9092
spike:CTAGAACCCCCGGGA
Created sequence file 2 for >SB01G046170 .  Length:8832
spike:CTAGAACCCCCGGGA
running (1/1) /usr/bin/bl2seq -p blastn -o /opt/apache/CoGe/tmp/GEvo/GEvo_7gJ0z9pm_1-2.bl2seq -i /opt/apache/CoGe/tmp/GEvo/GEvo_7gJ0z9pm_1.faa -j /opt/apache/CoGe/tmp/GEvo/GEvo_7gJ0z9pm_2.faa  -W 7 -G 5 -E 2 -q -2 -r 1 -e 30 -F F 
generating image (1/2)for OS03G06930
Found spike sequence for OS03G06930 and SB01G046170: eval cutoff set to 0.10
Found spike sequence for OS03G06930 and SB01G046170: eval cutoff set to 0.10
Found spike sequence for OS03G06930 and SB01G046170: eval cutoff set to 0.10
Found spike sequence for OS03G06930 and SB01G046170: eval cutoff set to 0.10
generating image (2/2)for SB01G046170
Found spike sequence for OS03G06930 and SB01G046170: eval cutoff set to 0.10
Found spike sequence for OS03G06930 and SB01G046170: eval cutoff set to 0.10
Found spike sequence for OS03G06930 and SB01G046170: eval cutoff set to 0.10
Found spike sequence for OS03G06930 and SB01G046170: eval cutoff set to 0.10

GEvo Benchmark: 2008-02-29 14:06:13
Time to get sequence                              :  1 wallclock secs ( 0.48 usr  0.01 sys +  0.00 cusr  0.01 csys =  0.50 CPU)
Time to run blastn                     :  0 wallclock secs ( 0.05 usr  0.00 sys +  0.05 cusr  0.02 csys =  0.12 CPU)
Time to generate images, maps, and sqlite database:  1 wallclock secs ( 0.51 usr +  0.04 sys =  0.55 CPU)
Time to find and update sqlite database for HSPs  :  0 wallclock secs ( 0.01 usr +  0.01 sys =  0.02 CPU)
Time to process html                              :  0 wallclock secs ( 0.00 usr +  0.00 sys =  0.00 CPU)

Finished!

GEvo link: http://toxic.berkeley.edu/CoGe/GEvo.pl?prog=blastn;accn1=OS03G06930;fid1=13886663;dsid1=34465;chr1=3;dr1up=4691;dr1down=417;gbstart1=1;gblength1=3936;rev1=1;accn2=SB01G046170;fid2=13976939;dsid2=34467;chr2=1;dr2up=5510;dr2down=1148;gbstart2=1;gblength2=2114;num_seqs=2

Tiny url: http://tinyurl.com/29z9lc
